[1092:34776:0608/002248.170:WARNING:chrome_main_delegate.cc(745)] This is Chrome version 128.0.6613.138 (not a warning)
[1092:35564:0608/002248.217:ERROR:google_update_settings.cc(265)] Failed opening key Software\Chromium to set usagestats; result: 5
[1092:34776:0608/002248.221:WARNING:account_consistency_mode_manager.cc(77)] Desktop Identity Consistency cannot be enabled as no OAuth client ID and client secret have been configured.
[1092:34776:0608/002255.310:ERROR:device_event_log_impl.cc(196)] [00:22:54.638] USB: usb_service_win.cc:105 SetupDiGetDeviceProperty({{A45C254E-DF1C-4EFD-8020-67D146A850E0}, 6}) failed: 要素が見つかりません。 (0x490)
[39280:15556:0608/002255.316:WARNING:frame_impl.cc(430)] virtual CefFrameImpl::SendProcessMessage sent to detached frame 5-71AD748526916A6FA34C1AF6BCF7ED28 will be ignored
[12268:35396:0608/002256.044:ERROR:backend_impl.cc(989)] Critical error found -8
[12268:35396:0608/002256.044:ERROR:entry_impl.cc(1029)] No file for c1030102
[12268:35396:0608/002256.047:WARNING:storage_block-inl.h(138)] Failed data load.
[12268:35396:0608/002256.344:WARNING:storage_block-inl.h(138)] Failed data load.
[12268:35396:0608/002256.344:WARNING:storage_block-inl.h(138)] Failed data load.
[12268:35396:0608/002256.344:WARNING:storage_block-inl.h(138)] Failed data load.
[12268:35396:0608/002256.344:WARNING:storage_block-inl.h(138)] Failed data load.
[12268:35396:0608/002256.344:WARNING:storage_block-inl.h(138)] Failed data load.
[12268:35396:0608/002256.344:WARNING:storage_block-inl.h(138)] Failed data load.
[12268:35396:0608/002256.344:WARNING:storage_block-inl.h(138)] Failed data load.
[12268:35396:0608/002256.344:WARNING:storage_block-inl.h(138)] Failed data load.
[12268:35396:0608/002256.346:WARNING:storage_block-inl.h(138)] Failed data load.
[12268:35396:0608/002256.346:WARNING:storage_block-inl.h(138)] Failed data load.
[12268:35396:0608/002256.346:WARNING:storage_block-inl.h(138)] Failed data load.
[12268:35396:0608/002256.346:WARNING:storage_block-inl.h(138)] Failed data load.
[12268:35396:0608/002256.347:WARNING:storage_block-inl.h(138)] Failed data load.
[12268:35396:0608/002256.347:WARNING:storage_block-inl.h(138)] Failed data load.
[12268:35396:0608/002256.347:WARNING:storage_block-inl.h(138)] Failed data load.
[12268:35396:0608/002256.347:WARNING:storage_block-inl.h(138)] Failed data load.
[12268:35396:0608/002256.347:WARNING:storage_block-inl.h(138)] Failed data load.
[12268:35396:0608/002256.347:WARNING:storage_block-inl.h(138)] Failed data load.
[12268:35396:0608/002256.347:ERROR:entry_impl.cc(955)] Failed to save user data
[12268:35396:0608/002256.347:ERROR:entry_impl.cc(955)] Failed to save user data
[12268:35396:0608/002256.347:WARNING:storage_block-inl.h(138)] Failed data load.
[12268:35396:0608/002256.347:WARNING:storage_block-inl.h(138)] Failed data load.
[12268:35396:0608/002256.347:ERROR:entry_impl.cc(955)] Failed to save user data
[12268:35396:0608/002256.348:WARNING:storage_block-inl.h(138)] Failed data load.
[12268:35396:0608/002256.348:WARNING:storage_block-inl.h(138)] Failed data load.
[12268:35396:0608/002256.349:WARNING:storage_block-inl.h(138)] Failed data load.
[12268:35396:0608/002256.349:WARNING:storage_block-inl.h(138)] Failed data load.
[12268:35396:0608/002256.349:ERROR:entry_impl.cc(955)] Failed to save user data
[12268:35396:0608/002256.350:WARNING:storage_block-inl.h(138)] Failed data load.
[12268:35396:0608/002256.350:WARNING:storage_block-inl.h(138)] Failed data load.
[12268:35396:0608/002256.350:WARNING:storage_block-inl.h(138)] Failed data load.
[12268:35396:0608/002256.350:WARNING:storage_block-inl.h(138)] Failed data load.
[12268:35396:0608/002256.350:WARNING:storage_block-inl.h(138)] Failed data load.
[12268:35396:0608/002256.350:WARNING:storage_block-inl.h(138)] Failed data load.
[12268:35396:0608/002256.351:WARNING:storage_block-inl.h(138)] Failed data load.
[12268:35396:0608/002256.351:WARNING:storage_block-inl.h(138)] Failed data load.
[12268:35396:0608/002256.351:WARNING:storage_block-inl.h(138)] Failed data load.
[12268:35396:0608/002256.351:WARNING:storage_block-inl.h(138)] Failed data load.
[12268:35396:0608/002256.351:WARNING:storage_block-inl.h(138)] Failed data load.
[12268:35396:0608/002256.351:WARNING:storage_block-inl.h(138)] Failed data load.
[12268:35396:0608/002256.351:WARNING:storage_block-inl.h(138)] Failed data load.
[12268:35396:0608/002256.351:WARNING:storage_block-inl.h(138)] Failed data load.
[12268:35396:0608/002256.352:WARNING:storage_block-inl.h(138)] Failed data load.
[12268:35396:0608/002256.352:WARNING:storage_block-inl.h(138)] Failed data load.
[12268:35396:0608/002256.352:WARNING:storage_block-inl.h(138)] Failed data load.
[12268:35396:0608/002256.352:WARNING:storage_block-inl.h(138)] Failed data load.
[12268:35396:0608/002256.352:WARNING:storage_block-inl.h(138)] Failed data load.
[12268:35396:0608/002256.352:WARNING:storage_block-inl.h(138)] Failed data load.
[12268:35396:0608/002256.352:WARNING:storage_block-inl.h(138)] Failed data load.
[12268:35396:0608/002256.352:WARNING:storage_block-inl.h(138)] Failed data load.
[12268:35396:0608/002256.353:WARNING:storage_block-inl.h(138)] Failed data load.
[12268:35396:0608/002256.353:WARNING:storage_block-inl.h(138)] Failed data load.
[12268:35396:0608/002256.353:ERROR:entry_impl.cc(955)] Failed to save user data
[12268:35396:0608/002256.353:ERROR:entry_impl.cc(955)] Failed to save user data
[12268:35396:0608/002256.353:ERROR:entry_impl.cc(955)] Failed to save user data
[12268:35396:0608/002256.353:ERROR:entry_impl.cc(955)] Failed to save user data
[12268:35396:0608/002256.353:ERROR:entry_impl.cc(955)] Failed to save user data
[12268:35396:0608/002256.353:ERROR:entry_impl.cc(955)] Failed to save user data
[12268:35396:0608/002256.353:ERROR:entry_impl.cc(955)] Failed to save user data
[12268:35396:0608/002256.353:ERROR:entry_impl.cc(955)] Failed to save user data
[12268:35396:0608/002256.353:ERROR:entry_impl.cc(955)] Failed to save user data
[12268:35396:0608/002256.353:ERROR:entry_impl.cc(955)] Failed to save user data
[1092:34776:0608/002614.797:WARNING:pref_notifier_impl.cc(41)] Pref observer for media_router.cast_allow_all_ips found at shutdown.
