[7032:25180:0605/194523.699:WARNING:chrome_main_delegate.cc(745)] This is Chrome version 128.0.6613.138 (not a warning)
[7032:39640:0605/194523.967:ERROR:google_update_settings.cc(265)] Failed opening key Software\Chromium to set usagestats; result: 5
[7032:25180:0605/194524.083:WARNING:account_consistency_mode_manager.cc(77)] Desktop Identity Consistency cannot be enabled as no OAuth client ID and client secret have been configured.
[32804:34372:0605/194533.348:WARNING:frame_impl.cc(430)] virtual CefFrameImpl::SendProcessMessage sent to detached frame 5-C9C3AF54E19FBF63843E6ACA8DA64E5C will be ignored
[7032:25180:0605/194534.338:ERROR:device_event_log_impl.cc(196)] [19:45:34.025] USB: usb_service_win.cc:105 SetupDiGetDeviceProperty({{A45C254E-DF1C-4EFD-8020-67D146A850E0}, 6}) failed: 要素が見つかりません。 (0x490)
[7032:25180:0605/195321.897:ERROR:device_event_log_impl.cc(196)] [19:53:21.610] USB: usb_service_win.cc:105 SetupDiGetDeviceProperty({{A45C254E-DF1C-4EFD-8020-67D146A850E0}, 6}) failed: 要素が見つかりません。 (0x490)
[7032:25180:0605/200657.055:ERROR:device_event_log_impl.cc(196)] [20:06:56.972] USB: usb_service_win.cc:105 SetupDiGetDeviceProperty({{A45C254E-DF1C-4EFD-8020-67D146A850E0}, 6}) failed: 要素が見つかりません。 (0x490)
[7032:25180:0605/203255.900:ERROR:device_event_log_impl.cc(196)] [20:32:55.895] USB: usb_service_win.cc:105 SetupDiGetDeviceProperty({{A45C254E-DF1C-4EFD-8020-67D146A850E0}, 6}) failed: 要素が見つかりません。 (0x490)
[7032:25180:0605/203255.949:ERROR:device_event_log_impl.cc(196)] [20:32:55.939] USB: usb_service_win.cc:105 SetupDiGetDeviceProperty({{A45C254E-DF1C-4EFD-8020-67D146A850E0}, 6}) failed: 要素が見つかりません。 (0x490)
[7032:25180:0605/203255.971:ERROR:device_event_log_impl.cc(196)] [20:32:55.959] USB: usb_service_win.cc:308 SetupDiEnumDeviceInterfaces: データはこれ以上ありません。 (0x103)
[7032:25180:0605/203259.392:ERROR:device_event_log_impl.cc(196)] [20:32:59.389] USB: usb_service_win.cc:105 SetupDiGetDeviceProperty({{A45C254E-DF1C-4EFD-8020-67D146A850E0}, 6}) failed: 要素が見つかりません。 (0x490)
[7032:25180:0605/203304.597:ERROR:device_event_log_impl.cc(196)] [20:33:04.589] USB: usb_service_win.cc:105 SetupDiGetDeviceProperty({{A45C254E-DF1C-4EFD-8020-67D146A850E0}, 6}) failed: 要素が見つかりません。 (0x490)
[7032:25180:0605/203304.614:ERROR:device_event_log_impl.cc(196)] [20:33:04.602] USB: usb_service_win.cc:105 SetupDiGetDeviceProperty({{A45C254E-DF1C-4EFD-8020-67D146A850E0}, 6}) failed: 要素が見つかりません。 (0x490)
[7032:25180:0605/203304.695:ERROR:device_event_log_impl.cc(196)] [20:33:04.682] USB: usb_service_win.cc:308 SetupDiEnumDeviceInterfaces: データはこれ以上ありません。 (0x103)
[7032:25180:0605/203314.133:ERROR:device_event_log_impl.cc(196)] [20:33:14.128] USB: usb_service_win.cc:105 SetupDiGetDeviceProperty({{A45C254E-DF1C-4EFD-8020-67D146A850E0}, 6}) failed: 要素が見つかりません。 (0x490)
[7032:25180:0605/203314.133:ERROR:usb_descriptors.cc(166)] Device descriptor parsing error.
[7032:25180:0605/203314.133:ERROR:device_event_log_impl.cc(196)] [20:33:14.132] USB: usb_device_win.cc:95 Failed to read descriptors from \\?\usb#vid_046d&pid_c539#6&1d3d5d23&0&1#{a5dcbf10-6530-11d2-901f-00c04fb951ed}.
[7032:25180:0605/203314.144:ERROR:device_event_log_impl.cc(196)] [20:33:14.132] USB: usb_service_win.cc:105 SetupDiGetDeviceProperty({{A45C254E-DF1C-4EFD-8020-67D146A850E0}, 6}) failed: 要素が見つかりません。 (0x490)
[7032:25180:0605/203314.569:ERROR:usb_descriptors.cc(166)] Device descriptor parsing error.
[7032:25180:0605/203314.569:ERROR:device_event_log_impl.cc(196)] [20:33:14.568] USB: usb_device_win.cc:95 Failed to read descriptors from \\?\usb#vid_046d&pid_c539#6&1d3d5d23&0&1#{a5dcbf10-6530-11d2-901f-00c04fb951ed}.
[7032:25180:0605/203314.569:ERROR:device_event_log_impl.cc(196)] [20:33:14.568] USB: usb_service_win.cc:105 SetupDiGetDeviceProperty({{A45C254E-DF1C-4EFD-8020-67D146A850E0}, 6}) failed: 要素が見つかりません。 (0x490)
[7032:25180:0605/203318.842:ERROR:device_event_log_impl.cc(196)] [20:33:18.833] USB: usb_service_win.cc:105 SetupDiGetDeviceProperty({{A45C254E-DF1C-4EFD-8020-67D146A850E0}, 6}) failed: 要素が見つかりません。 (0x490)
[7032:25180:0605/203318.871:ERROR:device_event_log_impl.cc(196)] [20:33:18.861] USB: usb_service_win.cc:308 SetupDiEnumDeviceInterfaces: データはこれ以上ありません。 (0x103)
[7032:25180:0605/203319.089:ERROR:device_event_log_impl.cc(196)] [20:33:19.087] USB: usb_service_win.cc:105 SetupDiGetDeviceProperty({{A45C254E-DF1C-4EFD-8020-67D146A850E0}, 6}) failed: 要素が見つかりません。 (0x490)
[7032:25180:0605/203324.516:ERROR:device_event_log_impl.cc(196)] [20:33:24.511] USB: usb_service_win.cc:105 SetupDiGetDeviceProperty({{A45C254E-DF1C-4EFD-8020-67D146A850E0}, 6}) failed: 要素が見つかりません。 (0x490)
[7032:25180:0605/203324.793:ERROR:device_event_log_impl.cc(196)] [20:33:24.589] USB: usb_service_win.cc:308 SetupDiEnumDeviceInterfaces: データはこれ以上ありません。 (0x103)
[7032:25180:0605/203324.793:ERROR:usb_descriptors.cc(122)] Failed to read configuration descriptor.
[7032:25180:0605/203324.793:ERROR:usb_descriptors.cc(105)] Failed to read all configuration descriptors. Expected 1, got 0.
[7032:25180:0605/203324.793:ERROR:device_event_log_impl.cc(196)] [20:33:24.792] USB: usb_device_win.cc:95 Failed to read descriptors from \\?\usb#vid_046d&pid_c539#6&1d3d5d23&0&1#{a5dcbf10-6530-11d2-901f-00c04fb951ed}.
[7032:25180:0605/203325.462:ERROR:device_event_log_impl.cc(196)] [20:33:25.447] USB: usb_service_win.cc:105 SetupDiGetDeviceProperty({{A45C254E-DF1C-4EFD-8020-67D146A850E0}, 6}) failed: 要素が見つかりません。 (0x490)
[7032:25180:0605/203325.807:ERROR:device_event_log_impl.cc(196)] [20:33:25.527] USB: usb_service_win.cc:308 SetupDiEnumDeviceInterfaces: データはこれ以上ありません。 (0x103)
[7032:25180:0605/203326.134:ERROR:device_event_log_impl.cc(196)] [20:33:26.117] USB: usb_service_win.cc:105 SetupDiGetDeviceProperty({{A45C254E-DF1C-4EFD-8020-67D146A850E0}, 6}) failed: 要素が見つかりません。 (0x490)
[7032:25180:0605/203326.472:ERROR:device_event_log_impl.cc(196)] [20:33:26.139] USB: usb_service_win.cc:105 SetupDiGetDeviceProperty({{A45C254E-DF1C-4EFD-8020-67D146A850E0}, 6}) failed: 要素が見つかりません。 (0x490)
[7032:25180:0605/203326.472:ERROR:device_event_log_impl.cc(196)] [20:33:26.201] USB: usb_service_win.cc:308 SetupDiEnumDeviceInterfaces: データはこれ以上ありません。 (0x103)
[7032:25180:0605/203326.472:ERROR:usb_descriptors.cc(146)] Failed to read length for configuration 0.
[7032:25180:0605/203326.472:ERROR:usb_descriptors.cc(105)] Failed to read all configuration descriptors. Expected 1, got 0.
[7032:25180:0605/203326.472:ERROR:device_event_log_impl.cc(196)] [20:33:26.471] USB: usb_device_win.cc:95 Failed to read descriptors from \\?\usb#vid_046d&pid_c539#6&1d3d5d23&0&1#{a5dcbf10-6530-11d2-901f-00c04fb951ed}.
[7032:25180:0605/203327.135:ERROR:device_event_log_impl.cc(196)] [20:33:27.116] USB: usb_service_win.cc:105 SetupDiGetDeviceProperty({{A45C254E-DF1C-4EFD-8020-67D146A850E0}, 6}) failed: 要素が見つかりません。 (0x490)
[7032:25180:0605/203327.467:ERROR:device_event_log_impl.cc(196)] [20:33:27.186] USB: usb_service_win.cc:308 SetupDiEnumDeviceInterfaces: データはこれ以上ありません。 (0x103)
[7032:25180:0605/203327.467:ERROR:usb_descriptors.cc(122)] Failed to read configuration descriptor.
[7032:25180:0605/203327.467:ERROR:usb_descriptors.cc(105)] Failed to read all configuration descriptors. Expected 1, got 0.
[7032:25180:0605/203327.467:ERROR:device_event_log_impl.cc(196)] [20:33:27.465] USB: usb_device_win.cc:95 Failed to read descriptors from \\?\usb#vid_046d&pid_c539#6&1d3d5d23&0&1#{a5dcbf10-6530-11d2-901f-00c04fb951ed}.
[7032:25180:0605/203327.804:ERROR:device_event_log_impl.cc(196)] [20:33:27.693] USB: usb_service_win.cc:105 SetupDiGetDeviceProperty({{A45C254E-DF1C-4EFD-8020-67D146A850E0}, 6}) failed: 要素が見つかりません。 (0x490)
[7032:25180:0605/203327.804:ERROR:device_event_log_impl.cc(196)] [20:33:27.773] USB: usb_service_win.cc:308 SetupDiEnumDeviceInterfaces: データはこれ以上ありません。 (0x103)
[7032:25180:0605/203328.485:ERROR:usb_descriptors.cc(122)] Failed to read configuration descriptor.
[7032:25180:0605/203328.485:ERROR:usb_descriptors.cc(105)] Failed to read all configuration descriptors. Expected 1, got 0.
[7032:25180:0605/203328.485:ERROR:device_event_log_impl.cc(196)] [20:33:28.484] USB: usb_device_win.cc:95 Failed to read descriptors from \\?\usb#vid_046d&pid_c539#6&1d3d5d23&0&1#{a5dcbf10-6530-11d2-901f-00c04fb951ed}.
[7032:25180:0605/203329.799:ERROR:device_event_log_impl.cc(196)] [20:33:29.501] USB: usb_service_win.cc:105 SetupDiGetDeviceProperty({{A45C254E-DF1C-4EFD-8020-67D146A850E0}, 6}) failed: 要素が見つかりません。 (0x490)
[7032:25180:0605/203329.799:ERROR:device_event_log_impl.cc(196)] [20:33:29.589] USB: usb_service_win.cc:308 SetupDiEnumDeviceInterfaces: データはこれ以上ありません。 (0x103)
[7032:25180:0605/203329.799:ERROR:usb_descriptors.cc(166)] Device descriptor parsing error.
[7032:25180:0605/203329.799:ERROR:device_event_log_impl.cc(196)] [20:33:29.799] USB: usb_device_win.cc:95 Failed to read descriptors from \\?\usb#vid_046d&pid_c539#6&1d3d5d23&0&1#{a5dcbf10-6530-11d2-901f-00c04fb951ed}.
[7032:25180:0605/203330.491:ERROR:device_event_log_impl.cc(196)] [20:33:30.467] USB: usb_service_win.cc:105 SetupDiGetDeviceProperty({{A45C254E-DF1C-4EFD-8020-67D146A850E0}, 6}) failed: 要素が見つかりません。 (0x490)
[7032:25180:0605/203330.825:ERROR:device_event_log_impl.cc(196)] [20:33:30.520] USB: usb_service_win.cc:308 SetupDiEnumDeviceInterfaces: データはこれ以上ありません。 (0x103)
[7032:25180:0605/203330.825:ERROR:usb_descriptors.cc(122)] Failed to read configuration descriptor.
[7032:25180:0605/203330.825:ERROR:usb_descriptors.cc(105)] Failed to read all configuration descriptors. Expected 1, got 0.
[7032:25180:0605/203330.825:ERROR:device_event_log_impl.cc(196)] [20:33:30.823] USB: usb_device_win.cc:95 Failed to read descriptors from \\?\usb#vid_046d&pid_c539#6&1d3d5d23&0&1#{a5dcbf10-6530-11d2-901f-00c04fb951ed}.
[7032:25180:0605/203331.496:ERROR:device_event_log_impl.cc(196)] [20:33:31.173] USB: usb_service_win.cc:105 SetupDiGetDeviceProperty({{A45C254E-DF1C-4EFD-8020-67D146A850E0}, 6}) failed: 要素が見つかりません。 (0x490)
[7032:25180:0605/203331.496:ERROR:device_event_log_impl.cc(196)] [20:33:31.257] USB: usb_service_win.cc:308 SetupDiEnumDeviceInterfaces: データはこれ以上ありません。 (0x103)
[7032:25180:0605/203332.161:ERROR:usb_descriptors.cc(122)] Failed to read configuration descriptor.
[7032:25180:0605/203332.161:ERROR:usb_descriptors.cc(105)] Failed to read all configuration descriptors. Expected 1, got 0.
[7032:25180:0605/203332.161:ERROR:device_event_log_impl.cc(196)] [20:33:32.160] USB: usb_device_win.cc:95 Failed to read descriptors from \\?\usb#vid_046d&pid_c539#6&1d3d5d23&0&1#{a5dcbf10-6530-11d2-901f-00c04fb951ed}.
[7032:25180:0605/203333.489:ERROR:device_event_log_impl.cc(196)] [20:33:33.226] USB: usb_service_win.cc:105 SetupDiGetDeviceProperty({{A45C254E-DF1C-4EFD-8020-67D146A850E0}, 6}) failed: 要素が見つかりません。 (0x490)
[7032:25180:0605/203333.489:ERROR:device_event_log_impl.cc(196)] [20:33:33.262] USB: usb_service_win.cc:308 SetupDiEnumDeviceInterfaces: データはこれ以上ありません。 (0x103)
[7032:25180:0605/203333.489:ERROR:device_event_log_impl.cc(196)] [20:33:33.424] USB: usb_service_win.cc:105 SetupDiGetDeviceProperty({{A45C254E-DF1C-4EFD-8020-67D146A850E0}, 6}) failed: 要素が見つかりません。 (0x490)
[7032:25180:0605/203338.822:ERROR:device_event_log_impl.cc(196)] [20:33:38.612] USB: usb_service_win.cc:105 SetupDiGetDeviceProperty({{A45C254E-DF1C-4EFD-8020-67D146A850E0}, 6}) failed: 要素が見つかりません。 (0x490)
[7032:25180:0605/203338.822:ERROR:device_event_log_impl.cc(196)] [20:33:38.689] USB: usb_service_win.cc:308 SetupDiEnumDeviceInterfaces: データはこれ以上ありません。 (0x103)
[7032:25180:0605/203339.155:ERROR:device_event_log_impl.cc(196)] [20:33:38.923] USB: usb_service_win.cc:105 SetupDiGetDeviceProperty({{A45C254E-DF1C-4EFD-8020-67D146A850E0}, 6}) failed: 要素が見つかりません。 (0x490)
[7032:25180:0605/203344.155:ERROR:device_event_log_impl.cc(196)] [20:33:44.130] USB: usb_service_win.cc:105 SetupDiGetDeviceProperty({{A45C254E-DF1C-4EFD-8020-67D146A850E0}, 6}) failed: 要素が見つかりません。 (0x490)
[7032:25180:0605/203344.494:ERROR:device_event_log_impl.cc(196)] [20:33:44.204] USB: usb_service_win.cc:308 SetupDiEnumDeviceInterfaces: データはこれ以上ありません。 (0x103)
[7032:25180:0605/203344.835:ERROR:device_event_log_impl.cc(196)] [20:33:44.698] USB: usb_service_win.cc:105 SetupDiGetDeviceProperty({{A45C254E-DF1C-4EFD-8020-67D146A850E0}, 6}) failed: 要素が見つかりません。 (0x490)
[7032:25180:0605/203350.156:ERROR:device_event_log_impl.cc(196)] [20:33:49.922] USB: usb_service_win.cc:105 SetupDiGetDeviceProperty({{A45C254E-DF1C-4EFD-8020-67D146A850E0}, 6}) failed: 要素が見つかりません。 (0x490)
[7032:25180:0605/203350.156:ERROR:device_event_log_impl.cc(196)] [20:33:49.999] USB: usb_service_win.cc:308 SetupDiEnumDeviceInterfaces: データはこれ以上ありません。 (0x103)
[7032:25180:0605/203350.491:ERROR:device_event_log_impl.cc(196)] [20:33:50.247] USB: usb_service_win.cc:105 SetupDiGetDeviceProperty({{A45C254E-DF1C-4EFD-8020-67D146A850E0}, 6}) failed: 要素が見つかりません。 (0x490)
[7032:27620:0605/204816.244:WARNING:dns_config_service_win.cc(605)] Failed to read DnsConfig.
[27292:32884:0605/204816.252:WARNING:dns_config_service_win.cc(605)] Failed to read DnsConfig.
[7032:39640:0605/214855.232:WARNING:dns_config_service_win.cc(605)] Failed to read DnsConfig.
[27292:32808:0605/214855.238:WARNING:dns_config_service_win.cc(605)] Failed to read DnsConfig.
[7032:25180:0605/225434.055:ERROR:device_event_log_impl.cc(196)] [22:54:33.995] USB: usb_service_win.cc:105 SetupDiGetDeviceProperty({{A45C254E-DF1C-4EFD-8020-67D146A850E0}, 6}) failed: 要素が見つかりません。 (0x490)
[7032:25180:0605/225434.361:ERROR:device_event_log_impl.cc(196)] [22:54:34.097] USB: usb_service_win.cc:308 SetupDiEnumDeviceInterfaces: データはこれ以上ありません。 (0x103)
[7032:25180:0605/225434.361:ERROR:device_event_log_impl.cc(196)] [22:54:34.120] USB: usb_service_win.cc:105 SetupDiGetDeviceProperty({{A45C254E-DF1C-4EFD-8020-67D146A850E0}, 6}) failed: 要素が見つかりません。 (0x490)
[7032:25180:0605/225541.634:ERROR:device_event_log_impl.cc(196)] [22:55:41.353] USB: usb_service_win.cc:105 SetupDiGetDeviceProperty({{A45C254E-DF1C-4EFD-8020-67D146A850E0}, 6}) failed: 要素が見つかりません。 (0x490)
[7032:25180:0605/225555.292:ERROR:device_event_log_impl.cc(196)] [22:55:55.165] USB: usb_service_win.cc:105 SetupDiGetDeviceProperty({{A45C254E-DF1C-4EFD-8020-67D146A850E0}, 6}) failed: 要素が見つかりません。 (0x490)
[7032:25180:0605/235223.765:WARNING:pref_notifier_impl.cc(41)] Pref observer for media_router.cast_allow_all_ips found at shutdown.
