[30208:23724:0608/142825.020:WARNING:chrome_main_delegate.cc(745)] This is Chrome version 128.0.6613.138 (not a warning)
[30208:19156:0608/142825.334:ERROR:google_update_settings.cc(265)] Failed opening key Software\Chromium to set usagestats; result: 5
[30208:23724:0608/142825.422:WARNING:account_consistency_mode_manager.cc(77)] Desktop Identity Consistency cannot be enabled as no OAuth client ID and client secret have been configured.
[30208:32564:0608/142829.465:WARNING:leveldb_database.cc(141)] Unable to open C:\Users\reo72\OneDrive\ドキュメント\GitHub\DeliveryRush\Saved\webcache_6613\Default\shared_proto_db\metadata: IO error: C:\Users\reo72\OneDrive\ドキュメント\GitHub\DeliveryRush\Saved\webcache_6613\Default\shared_proto_db\metadata/MANIFEST-000001: Unable to create sequential file (ChromeMethodBFE: 7::NewSequentialFile::1)
[30208:32564:0608/142829.468:WARNING:leveldb_database.cc(141)] Unable to open C:\Users\reo72\OneDrive\ドキュメント\GitHub\DeliveryRush\Saved\webcache_6613\Default\shared_proto_db\metadata: IO error: C:\Users\reo72\OneDrive\ドキュメント\GitHub\DeliveryRush\Saved\webcache_6613\Default\shared_proto_db\metadata/MANIFEST-000001: Unable to create sequential file (ChromeMethodBFE: 7::NewSequentialFile::1)
[30208:32564:0608/142829.472:WARNING:leveldb_database.cc(141)] Unable to open C:\Users\reo72\OneDrive\ドキュメント\GitHub\DeliveryRush\Saved\webcache_6613\Default\shared_proto_db\metadata: IO error: C:\Users\reo72\OneDrive\ドキュメント\GitHub\DeliveryRush\Saved\webcache_6613\Default\shared_proto_db\metadata/MANIFEST-000001: Unable to create sequential file (ChromeMethodBFE: 7::NewSequentialFile::1)
[30208:32564:0608/142829.475:WARNING:leveldb_database.cc(141)] Unable to open C:\Users\reo72\OneDrive\ドキュメント\GitHub\DeliveryRush\Saved\webcache_6613\Default\shared_proto_db\metadata: IO error: C:\Users\reo72\OneDrive\ドキュメント\GitHub\DeliveryRush\Saved\webcache_6613\Default\shared_proto_db\metadata/MANIFEST-000001: Unable to create sequential file (ChromeMethodBFE: 7::NewSequentialFile::1)
[30208:30892:0608/142829.637:WARNING:value_store_frontend.cc(47)] Reading ahfgeienlihckogmohjhadlkjgocpleb.alarms from  failed: IO error: .../MANIFEST-000001: Unable to create sequential file (ChromeMethodBFE: 7::NewSequentialFile::1)
[30208:30892:0608/142829.640:WARNING:value_store_frontend.cc(47)] Reading mhjfbmdgcfjbbpaeojofohoefgiehjai.alarms from  failed: IO error: .../MANIFEST-000001: Unable to create sequential file (ChromeMethodBFE: 7::NewSequentialFile::1)
[19728:19892:0608/142830.052:WARNING:backend_impl.cc(1764)] Destroying invalid entry.
[19728:19892:0608/142830.057:ERROR:backend_impl.cc(989)] Critical error found -8
[19728:19892:0608/142830.057:WARNING:storage_block-inl.h(138)] Failed data load.
[19728:19892:0608/142830.057:WARNING:storage_block-inl.h(138)] Failed data load.
[19728:19892:0608/142830.057:ERROR:entry_impl.cc(1029)] No file for c1030004
[19728:19892:0608/142830.057:WARNING:storage_block-inl.h(138)] Failed data load.
[19728:19892:0608/142830.136:WARNING:storage_block-inl.h(138)] Failed data load.
[19728:19892:0608/142830.136:WARNING:storage_block-inl.h(138)] Failed data load.
[19728:19892:0608/142830.136:WARNING:storage_block-inl.h(138)] Failed data load.
[19728:19892:0608/142830.136:WARNING:storage_block-inl.h(138)] Failed data load.
[19728:19892:0608/142830.136:WARNING:storage_block-inl.h(138)] Failed data load.
[19728:19892:0608/142830.136:WARNING:storage_block-inl.h(138)] Failed data load.
[19728:19892:0608/142830.144:WARNING:storage_block-inl.h(138)] Failed data load.
[19728:19892:0608/142830.144:WARNING:storage_block-inl.h(138)] Failed data load.
[19728:19892:0608/142830.147:ERROR:entry_impl.cc(955)] Failed to save user data
[19728:19892:0608/142830.609:WARNING:storage_block-inl.h(138)] Failed data load.
[19728:19892:0608/142830.609:WARNING:storage_block-inl.h(138)] Failed data load.
[19728:19892:0608/142830.609:WARNING:storage_block-inl.h(138)] Failed data load.
[30208:23724:0608/143025.529:WARNING:pref_notifier_impl.cc(41)] Pref observer for media_router.cast_allow_all_ips found at shutdown.
